<?xml version="1.0" encoding="UTF-8"?>
<!-- Generated by org.testng.reporters.JUnitXMLReporter -->
<testsuite hostname="DESKTOP-SHVDRDO" ignored="3" name="Test" tests="2" failures="0" timestamp="12 Dec 2022 11:57:53 GMT" time="48.117" errors="0">
  <testcase name="LoginTest" time="4.978" classname="com.inetbanking.testCases.TC_LoginTest"/>
  <testcase name="addNewCustomer" time="27.672" classname="com.inetbanking.testCases.TC_AddCustomerTest"/>
  <testcase name="@AfterTest afterTest" time="0.0" classname="com.inetbanking.PageObjects.BaseClass">
    <ignored/>
  </testcase> <!-- @AfterTest afterTest -->
  <testcase name="@BeforeTest beforeTest" time="0.0" classname="com.inetbanking.PageObjects.BaseClass">
    <ignored/>
  </testcase> <!-- @BeforeTest beforeTest -->
  <testcase name="@BeforeSuite beforeSuite" time="0.0" classname="com.inetbanking.PageObjects.BaseClass">
    <ignored/>
  </testcase> <!-- @BeforeSuite beforeSuite -->
</testsuite> <!-- Test -->
