<?xml version="1.0" encoding="UTF-8"?>
<testng-results skipped="0" failed="0" ignored="3" total="5" passed="2">
  <reporter-output>
  </reporter-output>
  <suite name="Suite" duration-ms="48117" started-at="2022-12-12T11:57:05Z" finished-at="2022-12-12T11:57:53Z">
    <groups>
    </groups>
    <test name="Test" duration-ms="48117" started-at="2022-12-12T11:57:05Z" finished-at="2022-12-12T11:57:53Z">
      <class name="com.inetbanking.testCases.TC_AddCustomerTest">
        <test-method status="PASS" signature="setup()[pri:0, instance:com.inetbanking.testCases.TC_AddCustomerTest@60dcc9fe]" name="setup" is-config="true" duration-ms="6222" started-at="2022-12-12T11:57:18Z" finished-at="2022-12-12T11:57:24Z">
          <reporter-output>
          </reporter-output>
        </test-method> <!-- setup -->
        <test-method status="PASS" signature="addNewCustomer()[pri:0, instance:com.inetbanking.testCases.TC_AddCustomerTest@60dcc9fe]" name="addNewCustomer" duration-ms="27672" started-at="2022-12-12T11:57:24Z" finished-at="2022-12-12T11:57:52Z">
          <reporter-output>
          </reporter-output>
        </test-method> <!-- addNewCustomer -->
        <test-method status="PASS" signature="tearDown()[pri:0, instance:com.inetbanking.testCases.TC_AddCustomerTest@60dcc9fe]" name="tearDown" is-config="true" duration-ms="709" started-at="2022-12-12T11:57:52Z" finished-at="2022-12-12T11:57:53Z">
          <reporter-output>
          </reporter-output>
        </test-method> <!-- tearDown -->
      </class> <!-- com.inetbanking.testCases.TC_AddCustomerTest -->
      <class name="com.inetbanking.testCases.TC_LoginTest">
        <test-method status="PASS" signature="beforeSuite()[pri:0, instance:com.inetbanking.testCases.TC_LoginTest@3c72f59f]" name="beforeSuite" is-config="true" duration-ms="169" started-at="2022-12-12T11:57:05Z" finished-at="2022-12-12T11:57:05Z">
          <reporter-output>
          </reporter-output>
        </test-method> <!-- beforeSuite -->
        <test-method status="PASS" signature="beforeTest()[pri:0, instance:com.inetbanking.testCases.TC_LoginTest@3c72f59f]" name="beforeTest" is-config="true" duration-ms="4" started-at="2022-12-12T11:57:05Z" finished-at="2022-12-12T11:57:05Z">
          <reporter-output>
          </reporter-output>
        </test-method> <!-- beforeTest -->
        <test-method status="PASS" signature="setup()[pri:0, instance:com.inetbanking.testCases.TC_LoginTest@3c72f59f]" name="setup" is-config="true" duration-ms="6926" started-at="2022-12-12T11:57:05Z" finished-at="2022-12-12T11:57:12Z">
          <reporter-output>
          </reporter-output>
        </test-method> <!-- setup -->
        <test-method status="PASS" signature="LoginTest()[pri:0, instance:com.inetbanking.testCases.TC_LoginTest@3c72f59f]" name="LoginTest" duration-ms="4978" started-at="2022-12-12T11:57:12Z" finished-at="2022-12-12T11:57:17Z">
          <reporter-output>
          </reporter-output>
        </test-method> <!-- LoginTest -->
        <test-method status="PASS" signature="tearDown()[pri:0, instance:com.inetbanking.testCases.TC_LoginTest@3c72f59f]" name="tearDown" is-config="true" duration-ms="1310" started-at="2022-12-12T11:57:17Z" finished-at="2022-12-12T11:57:18Z">
          <reporter-output>
          </reporter-output>
        </test-method> <!-- tearDown -->
        <test-method status="PASS" signature="afterTest()[pri:0, instance:com.inetbanking.testCases.TC_LoginTest@3c72f59f]" name="afterTest" is-config="true" duration-ms="266" started-at="2022-12-12T11:57:53Z" finished-at="2022-12-12T11:57:53Z">
          <reporter-output>
          </reporter-output>
        </test-method> <!-- afterTest -->
      </class> <!-- com.inetbanking.testCases.TC_LoginTest -->
    </test> <!-- Test -->
  </suite> <!-- Suite -->
</testng-results>
